#
# There is insufficient memory for the Java Runtime Environment to continue.
# Native memory allocation (mmap) failed to map 4161536 bytes for G1 virtual space
# Possible reasons:
#   The system is out of physical RAM or swap space
#   The process is running with CompressedOops enabled, and the Java Heap may be blocking the growth of the native heap
# Possible solutions:
#   Reduce memory load on the system
#   Increase physical memory or swap space
#   Check if swap backing store is full
#   Decrease Java heap size (-Xmx/-Xms)
#   Decrease number of Java threads
#   Decrease Java thread stack sizes (-Xss)
#   Set larger code cache with -XX:ReservedCodeCacheSize=
#   JVM is running with Zero Based Compressed Oops mode in which the Java heap is
#     placed in the first 32GB address space. The Java Heap base address is the
#     maximum limit for the native heap growth. Please use -XX:HeapBaseMinAddress
#     to set the Java Heap base and to place the Java Heap above 32GB virtual address.
# This output file may be truncated or incomplete.
#
#  Out of Memory Error (os_windows.cpp:3530), pid=20028, tid=15680
#
# JRE version:  (18.0.2+9) (build )
# Java VM: Java HotSpot(TM) 64-Bit Server VM (18.0.2+9-61, mixed mode, sharing, tiered, compressed oops, compressed class ptrs, g1 gc, windows-amd64)
# No core dump will be written. Minidumps are not enabled by default on client versions of Windows
#

---------------  S U M M A R Y ------------

Command Line: -Dfile.encoding=GBK -Duser.country=CN -Duser.language=zh -Duser.variant com.example.demo.mysql_linkage.SQLlink

Host: 11th Gen Intel(R) Core(TM) i7-11800H @ 2.30GHz, 16 cores, 15G,  Windows 10 , 64 bit Build 19041 (10.0.19041.3155)
Time: Tue Aug 15 19:14:23 2023  Windows 10 , 64 bit Build 19041 (10.0.19041.3155) elapsed time: 0.007700 seconds (0d 0h 0m 0s)

---------------  T H R E A D  ---------------

Current thread (0x000002b413d7c110):  JavaThread "Unknown thread" [_thread_in_vm, id=15680, stack(0x000000e3a8e00000,0x000000e3a8f00000)]

Stack: [0x000000e3a8e00000,0x000000e3a8f00000]
Native frames: (J=compiled Java code, j=interpreted, Vv=VM code, C=native code)
V  [jvm.dll+0x6993ca]
V  [jvm.dll+0x7f481d]
V  [jvm.dll+0x7f612e]
V  [jvm.dll+0x7f67e3]
V  [jvm.dll+0x25cdaf]
V  [jvm.dll+0x696319]
V  [jvm.dll+0x68ae4a]
V  [jvm.dll+0x3223eb]
V  [jvm.dll+0x329dc6]
V  [jvm.dll+0x37eb08]
V  [jvm.dll+0x37ed0f]
V  [jvm.dll+0x2fa16a]
V  [jvm.dll+0x2fb1cd]
V  [jvm.dll+0x7c3450]
V  [jvm.dll+0x38be61]
V  [jvm.dll+0x7a2073]
V  [jvm.dll+0x40dc3f]
V  [jvm.dll+0x40f611]
C  [jli.dll+0x526b]
C  [ucrtbase.dll+0x21bb2]
C  [KERNEL32.DLL+0x17614]
C  [ntdll.dll+0x526b1]


---------------  P R O C E S S  ---------------

Threads class SMR info:
_java_thread_list=0x00007ff985c3e550, length=0, elements={
}

Java Threads: ( => current thread )

Other Threads:
  0x000002b413ded970 WorkerThread "GC Thread#0" [stack: 0x000000e3a8f00000,0x000000e3a9000000] [id=2304]
  0x000002b413dfe530 ConcurrentGCThread "G1 Main Marker" [stack: 0x000000e3a9000000,0x000000e3a9100000] [id=12744]
  0x000002b413dfff30 WorkerThread "G1 Conc#0" [stack: 0x000000e3a9100000,0x000000e3a9200000] [id=13844]

[error occurred during error reporting (printing all threads), id 0xc0000005, EXCEPTION_ACCESS_VIOLATION (0xc0000005) at pc=0x00007ff98546a707]

VM state: not at safepoint (not fully initialized)

VM Mutex/Monitor currently owned by a thread:  ([mutex/lock_event])
[0x000002b413d77710] Heap_lock - owner thread: 0x000002b413d7c110

Heap address: 0x0000000703600000, size: 4042 MB, Compressed Oops mode: Zero based, Oop shift amount: 3

CDS archive(s) mapped at: [0x0000000000000000-0x0000000000000000-0x0000000000000000), size 0, SharedBaseAddress: 0x0000000800000000, ArchiveRelocationMode: 0.
Narrow klass base: 0x0000000000000000, Narrow klass shift: 0, Narrow klass range: 0x0

GC Precious Log:
 CardTable entry size: 512
 Card Set container configuration: InlinePtr #cards 4 size 8 Array Of Cards #cards 16 size 48 Howl #buckets 8 coarsen threshold 3686 Howl Bitmap #cards 512 size 80 coarsen threshold 460 Card regions per heap region 1 cards per card region 4096

Heap:
 garbage-first heap   total 0K, used 0K [0x0000000703600000, 0x0000000800000000)
  region size 2048K, 0 young (0K), 0 survivors (0K)

[error occurred during error reporting (printing heap information), id 0xc0000005, EXCEPTION_ACCESS_VIOLATION (0xc0000005) at pc=0x00007ff985851859]

GC Heap History (0 events):
No events

Deoptimization events (0 events):
No events

Classes loaded (0 events):
No events

Classes unloaded (0 events):
No events

Classes redefined (0 events):
No events

Internal exceptions (0 events):
No events

VM Operations (0 events):
No events

Events (1 events):
Event: 0.005 Loaded shared library E:\Program Files\Java\jdk-18.0.2\bin\java.dll


Dynamic libraries:
0x00007ff6aba10000 - 0x00007ff6aba20000 	E:\Program Files\Java\jdk-18.0.2\bin\java.exe
0x00007ffa35050000 - 0x00007ffa35248000 	C:\Windows\SYSTEM32\ntdll.dll
0x00007ffa34dc0000 - 0x00007ffa34e7f000 	C:\Windows\System32\KERNEL32.DLL
0x00007ffa32c90000 - 0x00007ffa32f86000 	C:\Windows\System32\KERNELBASE.dll
0x00007ffa32a30000 - 0x00007ffa32b30000 	C:\Windows\System32\ucrtbase.dll
0x00007ffa2da60000 - 0x00007ffa2da78000 	E:\Program Files\Java\jdk-18.0.2\bin\jli.dll
0x00007ffa22420000 - 0x00007ffa2243a000 	E:\Program Files\Java\jdk-18.0.2\bin\VCRUNTIME140.dll
0x00007ffa347d0000 - 0x00007ffa3487f000 	C:\Windows\System32\ADVAPI32.dll
0x00007ffa34b00000 - 0x00007ffa34b9e000 	C:\Windows\System32\msvcrt.dll
0x00007ffa336b0000 - 0x00007ffa3374c000 	C:\Windows\System32\sechost.dll
0x00007ffa34500000 - 0x00007ffa34626000 	C:\Windows\System32\RPCRT4.dll
0x00007ffa34630000 - 0x00007ffa347cd000 	C:\Windows\System32\USER32.dll
0x00007ffa32900000 - 0x00007ffa32922000 	C:\Windows\System32\win32u.dll
0x00007ffa34f80000 - 0x00007ffa34fac000 	C:\Windows\System32\GDI32.dll
0x00007ffa32f90000 - 0x00007ffa330a5000 	C:\Windows\System32\gdi32full.dll
0x00007ffa32760000 - 0x00007ffa327fd000 	C:\Windows\System32\msvcp_win.dll
0x00007ffa1e0c0000 - 0x00007ffa1e35a000 	C:\Windows\WinSxS\amd64_microsoft.windows.common-controls_6595b64144ccf1df_6.0.19041.1110_none_60b5254171f9507e\COMCTL32.dll
0x00007ffa2a7a0000 - 0x00007ffa2a7aa000 	C:\Windows\SYSTEM32\VERSION.dll
0x00007ffa34d90000 - 0x00007ffa34dc0000 	C:\Windows\System32\IMM32.DLL
0x00007ffa2da90000 - 0x00007ffa2da9c000 	E:\Program Files\Java\jdk-18.0.2\bin\vcruntime140_1.dll
0x00007ff9ec5e0000 - 0x00007ff9ec66d000 	E:\Program Files\Java\jdk-18.0.2\bin\msvcp140.dll
0x00007ff985160000 - 0x00007ff985d71000 	E:\Program Files\Java\jdk-18.0.2\bin\server\jvm.dll
0x00007ffa348f0000 - 0x00007ffa348f8000 	C:\Windows\System32\PSAPI.DLL
0x00007ffa2d9d0000 - 0x00007ffa2d9d9000 	C:\Windows\SYSTEM32\WSOCK32.dll
0x00007ffa1e6b0000 - 0x00007ffa1e6d7000 	C:\Windows\SYSTEM32\WINMM.dll
0x00007ffa34e80000 - 0x00007ffa34eeb000 	C:\Windows\System32\WS2_32.dll
0x00007ffa304f0000 - 0x00007ffa30502000 	C:\Windows\SYSTEM32\kernel.appcore.dll
0x00007ffa28a80000 - 0x00007ffa28a8a000 	E:\Program Files\Java\jdk-18.0.2\bin\jimage.dll
0x00007ffa16790000 - 0x00007ffa16974000 	C:\Windows\SYSTEM32\DBGHELP.DLL
0x00007ffa16480000 - 0x00007ffa164b4000 	C:\Windows\SYSTEM32\dbgcore.DLL
0x00007ffa32930000 - 0x00007ffa329b2000 	C:\Windows\System32\bcryptPrimitives.dll
0x00007ffa08830000 - 0x00007ffa08855000 	E:\Program Files\Java\jdk-18.0.2\bin\java.dll

dbghelp: loaded successfully - version: 4.0.5 - missing functions: none
symbol engine: initialized successfully - sym options: 0x614 - pdb path: .;E:\Program Files\Java\jdk-18.0.2\bin;C:\Windows\SYSTEM32;C:\Windows\WinSxS\amd64_microsoft.windows.common-controls_6595b64144ccf1df_6.0.19041.1110_none_60b5254171f9507e;E:\Program Files\Java\jdk-18.0.2\bin\server

VM Arguments:
jvm_args: -Dfile.encoding=GBK -Duser.country=CN -Duser.language=zh -Duser.variant 
java_command: com.example.demo.mysql_linkage.SQLlink
java_class_path (initial): D:\demo\build\classes\java\main;D:\demo\build\resources\main;C:\Users\flyingpigeon\.gradle\caches\modules-2\files-2.1\org.springframework.boot\spring-boot-starter-web\3.2.0-M1\827da20b6aa18dc2ee521e0f3510ffdc7ffe0e96\spring-boot-starter-web-3.2.0-M1.jar;C:\Users\flyingpigeon\.gradle\caches\modules-2\files-2.1\org.springframework.boot\spring-boot-starter-thymeleaf\3.2.0-M1\b9cd6e5f0b33fdebba1febb11058fac841366b06\spring-boot-starter-thymeleaf-3.2.0-M1.jar;C:\Users\flyingpigeon\.gradle\caches\modules-2\files-2.1\org.springframework.boot\spring-boot-starter-jdbc\2.6.2\ff853babf286bf913d73197d0f0b521343d5e8aa\spring-boot-starter-jdbc-2.6.2.jar;C:\Users\flyingpigeon\.gradle\caches\modules-2\files-2.1\mysql\mysql-connector-java\8.0.27\f1da9f10a3de6348725a413304aab6d0aa04f923\mysql-connector-java-8.0.27.jar;C:\Users\flyingpigeon\.gradle\caches\modules-2\files-2.1\org.springframework.boot\spring-boot-starter-json\3.2.0-M1\f6c87a34a59b794c7a64191d60434283c3ca3189\spring-boot-starter-json-3.2.0-M1.jar;C:\Users\flyingpigeon\.gradle\caches\modules-2\files-2.1\org.springframework.boot\spring-boot-starter\3.2.0-M1\1aa2e1a83636b8da6bc0fabe2d12462cf6e6353a\spring-boot-starter-3.2.0-M1.jar;C:\Users\flyingpigeon\.gradle\caches\modules-2\files-2.1\org.springframework.boot\spring-boot-starter-tomcat\3.2.0-M1\950a7c3de1931e5adff342714b21e19b160f0baf\spring-boot-starter-tomcat-3.2.0-M1.jar;C:\Users\flyingpigeon\.gradle\caches\modules-2\files-2.1\org.springframework\spring-webmvc\6.1.0-M3\ed9760bb3fcf29ff69e3429ffc36ff3f115373da\spring-webmvc-6.1.0-M3.jar;C:\Users\flyingpigeon\.gradle\caches\modules-2\files-2.1\org.springframework\spring-web\6.1.0-M3\998455ffc814807abb73149c96eac047febf60a1\spring-web-6.1.0-M3.jar;C:\Users\flyingpigeon\.gradle\caches\modules-2\files-2.1\org.thymeleaf\thymeleaf-spring6\3.1.1.RELEASE\deb52ef921a4ac5132fedb7ebfc2bc1dad4382b3\thymeleaf-spring6-3.1.1.RELEASE.jar;C:\Users\flyingpigeon\.gradle\caches\modules-2\files-2.1\com.zaxxer\HikariCP\5.0.1\a74c7f0a37046846e88d54f7cb6ea6d565c65f9c\HikariCP-5.0.1.jar;C:\Users\flyingpigeon\.gradle\caches\modules-2\files-2.1\org.springframework\spring-jdbc\6.1.0-M3\283213eb52cd215040d537395984d8d6a1c019ed\spring-jdbc-6.1.0-M3.jar;C:\Users\flyingpigeon\.gradle\caches\modules-2\files-2.1\com.google.protobuf\protobuf-java\3.11.4\7ec0925cc3aef0335bbc7d57edfd42b0f86f8267\protobuf-java-3.11.4.jar;C:\Users\flyingpigeon\.gradle\caches\modules-2\files-2.1\org.springframework.boot\spring-boot-autoconfigure\3.2.0-M1\55fef6a4afae3cb87617cc6d29de9f17871b8ddf\spring-boot-autoconfigure-3.2.0-M1.jar;C:\Users\flyingpigeon\.gradle\caches\modules-2\files-2.1\org.springframework.boot\spring-boot\3.2.0-M1\43920d1b7bc47566d26c93a411bce6b0386d0983\spring-boot-3.2.0-M1.jar;C:\Users\flyingpigeon\.gradle\caches\modules-2\files-2.1\org.springframework.boot\spring-boot-starter-logging\3.2.0-M1\9a401b7f5b39c5a5ef9baece1abf11214682e566\spring-boot-starter-logging-3.2.0-M1.jar;C:\Users\flyingpigeon\.gradle\caches\modules-2\files-2.1\jakarta.annotation\jakarta.annotation-api\2.1.1\48b9bda22b091b1f48b13af03fe36db3be6e1ae3\jakarta.annotation-api-2.1.1.jar;C:\Users\flyingpigeon\.gradle\caches\modules-2\files-2.1\org.springframework\spring-context\6.1.0-M3\a1a3cc3244d688b3b66e87296bdd13ab7f8e55cb\spring-context-6.1.0-M3.jar;C:\Users\flyingpigeon\.gradle\caches\modules-2\files-2.1\org.springframework\spring-aop\6.1.0-M3\7018f2e39a61a7679e821b5f0f3f9a873f6daaca\spring-aop-6.1.0-M3.jar;C:\Users\flyingpigeon\.gradle\caches\modules-2\files-2.1\org.springframework\spring-tx\6.1.0-M3\4d9edc21189265b26707369b33701221ab59d610\spring-tx-6.1.0-M3.jar;C:\Users\flyingpigeon\.gradle\caches\modules-2\files-2.1\org.springframework\spring-beans\6.1.0-M3\4b8784e692ff64dbaf8c05f19dda19572f4329\spring-beans-6.1.0-M3.jar;C:\Users\flyingpigeon\.gradle\caches\modules-2\files-2.1\org.springframework\spring-expression\6.1.0-M3\d5b378658f67fe1864bc244f4c3e8621cba51480\spring-expression-6.1.0-M3.jar;C:\Users\flyingpigeon\.gradle\caches\modules-2\files-2.1\org.springframework\spring-core\6.1.0-M3\4eb8a109e88d2dfed3a8af93f2aae6c985b3819c\spring-core-6.1.0-M3.jar;C:\Users\flyingpigeon\.gradle\caches\modules-2\files-2.1\org.yaml\snakeyaml\2.0\3aab2116756442bf0d4cd1c089b24d34c3baa253\snakeyaml-2.0.jar;C:\Users\flyingpigeon\.gradle\caches\modules-2\files-2.1\com.fasterxml.jackson.datatype\jackson-datatype-jsr310\2.15.2\30d16ec2aef6d8094c5e2dce1d95034ca8b6cb42\jackson-datatype-jsr310-2.15.2.jar;C:\Users\flyingpigeon\.gradle\caches\modules-2\files-2.1\com.fasterxml.jackson.module\jackson-module-parameter-names\2.15.2\75f8d2788db20f6c587c7a19e94fb6248c314241\jackson-module-parameter-names-2.15.2.jar;C:\Users\flyingpigeon\.gradle\caches\modules-2\files-2.1\com.fasterxml.jackson.core\jackson-annotations\2.15.2\4724a65ac8e8d156a24898d50fd5dbd3642870b8\jackson-annotations-2.15.2.jar;C:\Users\flyingpigeon\.gradle\caches\modules-2\files-2.1\com.fasterxml.jackson.core\jackson-core\2.15.2\a6fe1836469a69b3ff66037c324d75fc66ef137c\jackson-core-2.15.2.jar;C:\Users\flyingpigeon\.gradle\caches\modules-2\files-2.1\com.fasterxml.jackson.datatype\jackson-datatype-jdk8\2.15.2\66a50e089cfd2f93896b9b6f7a734cea7bcf2f31\jackson-datatype-jdk8-2.15.2.jar;C:\Users\flyingpigeon\.gradle\caches\modules-2\files-2.1\com.fasterxml.jackson.core\jackson-databind\2.15.2\9353b021f10c307c00328f52090de2bdb4b6ff9c\jackson-databind-2.15.2.jar;C:\Users\flyingpigeon\.gradle\caches\modules-2\files-2.1\org.apache.tomcat.embed\tomcat-embed-websocket\10.1.11\ac9ecc8a2b6a2cd8123554259faabc2e7b4aa013\tomcat-embed-websocket-10.1.11.jar;C:\Users\flyingpigeon\.gradle\caches\modules-2\files-2.1\org.apache.tomcat.embed\tomcat-embed-core\10.1.11\9d1ba230cbe0dfb410b0beba102eff20e14793a1\tomcat-embed-core-10.1.11.jar;C:\Users\flyingpigeon\.gradle\caches\modules-2\files-2.1\org.apache.tomcat.embed\tomcat-embed-el\10.1.11\97aa65b1f036f722e869f582f8d607d01508d420\tomcat-embed-el-10.1.11.jar;C:\Users\flyingpigeon\.gradle\caches\modules-2\files-2.1\io.micrometer\micrometer-observation\1.12.0-M1\8b466d49f40d464be73e7172b848e72a0472e161\micrometer-observation-1.12.0-M1.jar;C:\Users\flyingpigeon\.gradle\caches\modules-2\files-2.1\org.thymeleaf\thymeleaf\3.1.1.RELEASE\374a129dfa5e7d7f1a46eacc4d49e594ca0cf26f\thymeleaf-3.1.1.RELEASE.jar;C:\Users\flyingpigeon\.gradle\caches\modules-2\files-2.1\ch.qos.logback\logback-classic\1.4.8\f00ba91d993e4d14301b11968d3cacc3be7ef3e1\logback-classic-1.4.8.jar;C:\Users\flyingpigeon\.gradle\caches\modules-2\files-2.1\org.apache.logging.log4j\log4j-to-slf4j\2.20.0\d37f81f8978e2672bc32c82712ab4b3f66624adc\log4j-to-slf4j-2.20.0.jar;C:\Users\flyingpigeon\.gradle\caches\modules-2\files-2.1\org.slf4j\jul-to-slf4j\2.0.7\a48f44aeaa8a5ddc347007298a28173ac1fbbd8b\jul-to-slf4j-2.0.7.jar;C:\Users\flyingpigeon\.gradle\caches\modules-2\files-2.1\org.slf4j\slf4j-api\2.0.7\41eb7184ea9d556f23e18b5cb99cad1f8581fc00\slf4j-api-2.0.7.jar;C:\Users\flyingpigeon\.gradle\caches\modules-2\files-2.1\org.springframework\spring-jcl\6.1.0-M3\63bc0fae6959143b42a10c1d0bb2242b704413b9\spring-jcl-6.1.0-M3.jar;C:\Users\flyingpigeon\.gradle\caches\modules-2\files-2.1\io.micrometer\micrometer-commons\1.12.0-M1\57c85eec02f196e5c97e0f029a751e43eb2232af\micrometer-commons-1.12.0-M1.jar;C:\Users\flyingpigeon\.gradle\caches\modules-2\files-2.1\org.attoparser\attoparser\2.0.6.RELEASE\8f603f22a18d4f7258f8860ccbb68b069f49904a\attoparser-2.0.6.RELEASE.jar;C:\Users\flyingpigeon\.gradle\caches\modules-2\files-2.1\org.unbescape\unbescape\1.1.6.RELEASE\7b90360afb2b860e09e8347112800d12c12b2a13\unbescape-1.1.6.RELEASE.jar;C:\Users\flyingpigeon\.gradle\caches\modules-2\files-2.1\ch.qos.logback\logback-core\1.4.8\3fba9c105e0efc5ffdcda701379687917d5286f7\logback-core-1.4.8.jar;C:\Users\flyingpigeon\.gradle\caches\modules-2\files-2.1\org.apache.logging.log4j\log4j-api\2.20.0\1fe6082e660daf07c689a89c94dc0f49c26b44bb\log4j-api-2.20.0.jar
Launcher Type: SUN_STANDARD

[Global flags]
     intx CICompilerCount                          = 12                                        {product} {ergonomic}
     uint ConcGCThreads                            = 3                                         {product} {ergonomic}
     uint G1ConcRefinementThreads                  = 13                                        {product} {ergonomic}
   size_t G1HeapRegionSize                         = 2097152                                   {product} {ergonomic}
    uintx GCDrainStackTargetSize                   = 64                                        {product} {ergonomic}
   size_t InitialHeapSize                          = 266338304                                 {product} {ergonomic}
   size_t MarkStackSize                            = 4194304                                   {product} {ergonomic}
   size_t MaxHeapSize                              = 4238344192                                {product} {ergonomic}
   size_t MinHeapDeltaBytes                        = 2097152                                   {product} {ergonomic}
   size_t MinHeapSize                              = 8388608                                   {product} {ergonomic}
    uintx NonNMethodCodeHeapSize                   = 7602480                                {pd product} {ergonomic}
    uintx NonProfiledCodeHeapSize                  = 122027880                              {pd product} {ergonomic}
    uintx ProfiledCodeHeapSize                     = 122027880                              {pd product} {ergonomic}
    uintx ReservedCodeCacheSize                    = 251658240                              {pd product} {ergonomic}
     bool SegmentedCodeCache                       = true                                      {product} {ergonomic}
   size_t SoftMaxHeapSize                          = 4238344192                             {manageable} {ergonomic}
     bool UseCompressedClassPointers               = true                           {product lp64_product} {ergonomic}
     bool UseCompressedOops                        = true                           {product lp64_product} {ergonomic}
     bool UseG1GC                                  = true                                      {product} {ergonomic}
     bool UseLargePagesIndividualAllocation        = false                                  {pd product} {ergonomic}

Logging:
Log output configuration:
 #0: stdout all=warning uptime,level,tags foldmultilines=false
 #1: stderr all=off uptime,level,tags foldmultilines=false

Environment Variables:
PATH=C:\Program Files\PlasticSCM5\server;C:\Program Files\PlasticSCM5\client;C:\Windows\system32;C:\Windows;C:\Windows\System32\Wbem;C:\Windows\System32\WindowsPowerShell\v1.0\;C:\Windows\System32\OpenSSH\;E:\apache-tomcat-10.1.11\bin;C:\Users\flyingpigeon\AppData\Local\Microsoft\WindowsApps;;C:\Program Files\JetBrains\IntelliJ IDEA 2023.1.3\bin;
USERNAME=flyingpigeon
OS=Windows_NT
PROCESSOR_IDENTIFIER=Intel64 Family 6 Model 141 Stepping 1, GenuineIntel



---------------  S Y S T E M  ---------------

OS:
 Windows 10 , 64 bit Build 19041 (10.0.19041.3155)
OS uptime: 1 days 2:48 hours

CPU: total 16 (initial active 16) (8 cores per cpu, 2 threads per core) family 6 model 141 stepping 1 microcode 0x2c, cx8, cmov, fxsr, ht, mmx, 3dnowpref, sse, sse2, sse3, ssse3, sse4.1, sse4.2, popcnt, lzcnt, tsc, tscinvbit, avx, avx2, aes, erms, clmul, bmi1, bmi2, adx, avx512f, avx512dq, avx512cd, avx512bw, avx512vl, sha, fma, vzeroupper, avx512_vpopcntdq, avx512_vpclmulqdq, avx512_vaes, avx512_vnni, clflush, clflushopt, clwb, avx512_vbmi2, avx512_vbmi

Memory: 4k page, system-wide physical 16163M (4755M free)
TotalPageFile size 18211M (AvailPageFile size 5M)
current process WorkingSet (physical memory assigned to process): 10M, peak: 10M
current process commit charge ("private bytes"): 329M, peak: 333M

vm_info: Java HotSpot(TM) 64-Bit Server VM (18.0.2+9-61) for windows-amd64 JRE (18.0.2+9-61), built on Jun  7 2022 13:09:01 by "mach5one" with MS VC++ 16.8 / 16.9 (VS2019)

END.
